---------------------------------------------------------------
[ 2020-07-30T15:34:33+08:00 ] 127.0.0.1 GET admin.fastadmin.com/
[运行时间：2.939010s] [吞吐率：0.34req/s] [内存消耗：3,956.20kb] [文件加载：143]
[ info ] [ BEHAVIOR ] Run Closure @app_init [ RunTime:0.000228s ]
[ info ] [ CACHE ] INIT File
[ info ] [ BEHAVIOR ] Run \addons\cms\Cms @app_init [ RunTime:0.003962s ]
[ info ] [ BEHAVIOR ] Run \addons\epay\Epay @app_init [ RunTime:0.000054s ]
[ info ] [ BEHAVIOR ] Run Closure @app_init [ RunTime:0.000072s ]
[ info ] [ LANG ] E:\fastadmin\thinkphp\lang\zh-cn.php
[ info ] [ BEHAVIOR ] Run app\common\behavior\Common @app_dispatch [ RunTime:0.000564s ]
[ info ] [ ROUTE ] array (
  'type' => 'module',
  'module' => 
  array (
    0 => '',
    1 => NULL,
    2 => NULL,
  ),
)
[ info ] [ HEADER ] array (
  'upgrade-insecure-requests' => '1',
  'cookie' => 'uid=2; token=41c5fa76-5e76-476e-946f-d80cc0e64df8; pma_lang=zh_CN; Hm_lvt_7b1919221e89d2aa5711e4deb935debd=1595829734; keeplogin=1%7C86400%7C1595993823%7C8d6a6470ef85bfbaed4b597768e50f50; keeplogin=1%7C86400%7C1596081788%7Cef383237b2cb39ceac6667eee6723d39',
  'connection' => 'close',
  'accept-encoding' => 'gzip, deflate',
  'accept-language' => 'zh-CN,zh;q=0.8,zh-TW;q=0.7,zh-HK;q=0.5,en-US;q=0.3,en;q=0.2',
  'accept' => 'text/html,application/xhtml+xml,application/xml;q=0.9,image/webp,*/*;q=0.8',
  'user-agent' => 'Mozilla/5.0 (Windows NT 10.0; Win64; x64; rv:78.0) Gecko/20100101 Firefox/78.0',
  'host' => 'admin.fastadmin.com',
)
[ info ] [ PARAM ] array (
)
[ info ] [ LANG ] E:\fastadmin\public/../application/index\lang\zh-cn.php
[ info ] [ BEHAVIOR ] Run app\common\behavior\Common @module_init [ RunTime:0.001902s ]
[ info ] [ TOKEN ] INIT Mysql
[ info ] [ DB ] INIT mysql
[ info ] [ LANG ] E:\fastadmin\public/../application/index/lang/zh-cn/index.php
[ info ] [ RUN ] app\index\controller\Index->index[ E:\fastadmin\application\index\controller\Index.php ]
[ info ] [ VIEW ] E:\fastadmin\public/../application/index\view\index\index.html [ array (
  0 => 'user',
  1 => 'site',
  2 => 'config',
) ]
[ info ] [ BEHAVIOR ] Run \addons\cms\Cms @view_filter [ RunTime:0.000040s ]
[ info ] [ BEHAVIOR ] Run \addons\vote\Vote @view_filter [ RunTime:0.000022s ]
[ info ] [ LOG ] INIT File
